<?xml version="1.0" encoding="UTF-8"?>
<!-- Generated by org.testng.reporters.JUnitReportReporter -->
<testsuite hostname="DESKTOP-78NQA47" failures="0" tests="1" name="testCases.LoginTest" time="0.964" errors="0" timestamp="2023-12-06T10:03:35 IST" skipped="0">
  <testcase classname="testCases.LoginTest" name="loginTest" time="0.964"/>
  <system-out/>
</testsuite> <!-- testCases.LoginTest -->
