<?xml version="1.0" encoding="UTF-8"?>
<!-- Generated by org.testng.reporters.JUnitReportReporter -->
<testsuite hostname="DESKTOP-78NQA47" failures="0" tests="1" name="testCases.LoginTest2" time="1.182" errors="0" timestamp="2023-12-07T09:18:06 IST" skipped="0">
  <testcase classname="testCases.LoginTest2" name="loginTest" time="1.182"/>
  <system-out/>
</testsuite> <!-- testCases.LoginTest2 -->
