<?xml version="1.0" encoding="UTF-8"?>
<!-- Generated by org.testng.reporters.JUnitReportReporter -->
<testsuite hostname="DESKTOP-78NQA47" failures="0" tests="2" name="testCases.LoginTest" time="6.355" errors="0" timestamp="2023-12-07T09:44:22 IST" skipped="0">
  <testcase classname="testCases.LoginTest" name="loginTest" time="2.842"/>
  <system-out/>
  <testcase classname="testCases.LoginTest" name="loginTest" time="3.513"/>
  <system-out/>
</testsuite> <!-- testCases.LoginTest -->
